D, [2021-08-24T20:35:36.855538 #5814] DEBUG -- :   [1m[35m (0.1ms)[0m  [1m[34mSELECT sqlite_version(*)[0m
D, [2021-08-24T20:35:36.867513 #5814] DEBUG -- :   [1m[35m (10.5ms)[0m  [1m[35mCREATE TABLE "schema_migrations" ("version" varchar NOT NULL PRIMARY KEY)[0m
D, [2021-08-24T20:35:36.878831 #5814] DEBUG -- :   [1m[35m (9.1ms)[0m  [1m[35mCREATE TABLE "ar_internal_metadata" ("key" varchar NOT NULL PRIMARY KEY, "value" varchar, "created_at" datetime NOT NULL, "updated_at" datetime NOT NULL)[0m
D, [2021-08-24T20:35:36.894368 #5814] DEBUG -- :   [1m[35m (0.1ms)[0m  [1m[34mSELECT "schema_migrations"."version" FROM "schema_migrations" ORDER BY "schema_migrations"."version" ASC[0m
I, [2021-08-24T20:35:36.894953 #5814]  INFO -- : Migrating to CreateArticles (20210823222613)
D, [2021-08-24T20:35:36.896960 #5814] DEBUG -- :   [1m[35m (0.1ms)[0m  [1m[36mbegin transaction[0m
D, [2021-08-24T20:35:36.901530 #5814] DEBUG -- :   [1m[35m (2.7ms)[0m  [1m[35mCREATE TABLE "articles" ("id" integer PRIMARY KEY AUTOINCREMENT NOT NULL, "title" varchar, "body" text, "visits_count" integer, "created_at" datetime NOT NULL, "updated_at" datetime NOT NULL)[0m
D, [2021-08-24T20:35:36.911579 #5814] DEBUG -- :   [1m[36mActiveRecord::SchemaMigration Create (0.1ms)[0m  [1m[32mINSERT INTO "schema_migrations" ("version") VALUES (?)[0m  [["version", "20210823222613"]]
D, [2021-08-24T20:35:36.917687 #5814] DEBUG -- :   [1m[35m (5.9ms)[0m  [1m[36mcommit transaction[0m
I, [2021-08-24T20:35:36.917776 #5814]  INFO -- : Migrating to DeviseCreateUsers (20210825010416)
D, [2021-08-24T20:35:36.940858 #5814] DEBUG -- :   [1m[35m (0.1ms)[0m  [1m[36mbegin transaction[0m
D, [2021-08-24T20:35:36.945316 #5814] DEBUG -- :   [1m[35m (0.2ms)[0m  [1m[35mCREATE TABLE "users" ("id" integer PRIMARY KEY AUTOINCREMENT NOT NULL, "email" varchar DEFAULT '' NOT NULL, "encrypted_password" varchar DEFAULT '' NOT NULL, "reset_password_token" varchar, "reset_password_sent_at" datetime, "remember_created_at" datetime, "name" varchar, "permission_level" varchar, "created_at" datetime NOT NULL, "updated_at" datetime NOT NULL)[0m
D, [2021-08-24T20:35:36.946750 #5814] DEBUG -- :   [1m[35m (0.1ms)[0m  [1m[35mCREATE UNIQUE INDEX "index_users_on_email" ON "users" ("email")[0m
D, [2021-08-24T20:35:36.957748 #5814] DEBUG -- :   [1m[35m (0.1ms)[0m  [1m[35mCREATE UNIQUE INDEX "index_users_on_reset_password_token" ON "users" ("reset_password_token")[0m
D, [2021-08-24T20:35:36.958969 #5814] DEBUG -- :   [1m[36mActiveRecord::SchemaMigration Create (0.2ms)[0m  [1m[32mINSERT INTO "schema_migrations" ("version") VALUES (?)[0m  [["version", "20210825010416"]]
D, [2021-08-24T20:35:36.970963 #5814] DEBUG -- :   [1m[35m (11.8ms)[0m  [1m[36mcommit transaction[0m
I, [2021-08-24T20:35:36.971107 #5814]  INFO -- : Migrating to AddDeviseToUsers (20210825012121)
D, [2021-08-24T20:35:36.971698 #5814] DEBUG -- :   [1m[35m (0.1ms)[0m  [1m[36mbegin transaction[0m
D, [2021-08-24T20:35:36.972360 #5814] DEBUG -- :   [1m[35m (0.2ms)[0m  [1m[35mALTER TABLE "users" ADD "email" varchar DEFAULT '' NOT NULL[0m
D, [2021-08-24T20:35:36.972517 #5814] DEBUG -- :   [1m[35m (0.1ms)[0m  [1m[31mrollback transaction[0m
